2026-06-05 19:55:51,907 [INFO] No change: ザバス Shape & Beauty キャラメル風味 200ml (24本入り) は前回と同じ価格 3298 円
2026-06-05 19:55:53,549 [INFO] No change: アルペン商品1（3420119704） は前回と同じ価格 5799 円
2026-06-05 19:55:54,116 [INFO] No change: アルペン商品2（3422113004） は前回と同じ価格 8499 円
2026-06-05 19:55:54,626 [INFO] No change: Optimum Nutrition Gold Standard Whey 907g（hinataansyopu） は前回と同じ価格 5283 円
2026-06-05 19:55:55,247 [INFO] No change: Natural Mode ホエイプロテイン（cheriebrin） は前回と同じ価格 4980 円
2026-06-05 19:55:56,786 [INFO] No change: ECOVACS DEEBOT X1 Plus（公式ストア） は前回と同じ価格 39800 円
2026-06-05 19:55:57,345 [INFO] No change: マイプロテイン ホエイプロテイン・Impact Whey (チョコレートミント, 1000g) は前回と同じ価格 7636 円
2026-06-05 19:57:02,870 [INFO] No change: ザバス Shape & Beauty キャラメル風味 200ml (24本入り) は前回と同じ価格 3298 円
2026-06-05 19:57:03,335 [INFO] No change: アルペン商品1（3420119704） は前回と同じ価格 5799 円
2026-06-05 19:57:03,878 [INFO] No change: アルペン商品2（3422113004） は前回と同じ価格 8499 円
2026-06-05 19:57:04,446 [INFO] No change: Optimum Nutrition Gold Standard Whey 907g（hinataansyopu） は前回と同じ価格 5283 円
2026-06-05 19:57:05,022 [INFO] No change: Natural Mode ホエイプロテイン（cheriebrin） は前回と同じ価格 4980 円
2026-06-05 19:57:05,500 [INFO] No change: ECOVACS DEEBOT X1 Plus（公式ストア） は前回と同じ価格 39800 円
2026-06-05 19:57:05,839 [INFO] No change: マイプロテイン ホエイプロテイン・Impact Whey (チョコレートミント, 1000g) は前回と同じ価格 7636 円
2026-06-05 19:57:43,655 [INFO] No change: ザバス Shape & Beauty キャラメル風味 200ml (24本入り) は前回と同じ価格 3298 円
2026-06-05 19:57:44,153 [INFO] No change: アルペン商品1（3420119704） は前回と同じ価格 5799 円
2026-06-05 19:57:44,753 [INFO] No change: アルペン商品2（3422113004） は前回と同じ価格 8499 円
2026-06-05 19:57:45,175 [INFO] No change: Optimum Nutrition Gold Standard Whey 907g（hinataansyopu） は前回と同じ価格 5283 円
2026-06-05 19:57:45,714 [INFO] No change: Natural Mode ホエイプロテイン（cheriebrin） は前回と同じ価格 4980 円
2026-06-05 19:57:46,213 [INFO] No change: ECOVACS DEEBOT X1 Plus（公式ストア） は前回と同じ価格 39800 円
2026-06-05 19:57:46,590 [INFO] No change: マイプロテイン ホエイプロテイン・Impact Whey (チョコレートミント, 1000g) は前回と同じ価格 7636 円
2026-06-05 19:59:47,367 [INFO] No change: ザバス Shape & Beauty キャラメル風味 200ml (24本入り) は前回と同じ価格 3298 円
2026-06-05 19:59:47,883 [INFO] No change: アルペン商品1（3420119704） は前回と同じ価格 5799 円
2026-06-05 19:59:48,479 [INFO] No change: アルペン商品2（3422113004） は前回と同じ価格 8499 円
2026-06-05 19:59:48,952 [INFO] No change: Optimum Nutrition Gold Standard Whey 907g（hinataansyopu） は前回と同じ価格 5283 円
2026-06-05 19:59:49,474 [INFO] No change: Natural Mode ホエイプロテイン（cheriebrin） は前回と同じ価格 4980 円
2026-06-05 19:59:49,922 [INFO] No change: ECOVACS DEEBOT X1 Plus（公式ストア） は前回と同じ価格 39800 円
2026-06-05 19:59:50,264 [INFO] No change: マイプロテイン ホエイプロテイン・Impact Whey (チョコレートミント, 1000g) は前回と同じ価格 7636 円
2026-06-05 20:23:10,490 [INFO] No change: ザバス Shape & Beauty キャラメル風味 200ml (24本入り) は前回と同じ価格 3298 円
2026-06-05 20:23:10,959 [INFO] No change: アルペン商品1（3420119704） は前回と同じ価格 5799 円
2026-06-05 20:23:12,009 [INFO] No change: アルペン商品2（3422113004） は前回と同じ価格 8499 円
2026-06-05 20:23:12,506 [INFO] No change: Optimum Nutrition Gold Standard Whey 907g（hinataansyopu） は前回と同じ価格 5283 円
2026-06-05 20:23:13,035 [INFO] No change: Natural Mode ホエイプロテイン（cheriebrin） は前回と同じ価格 4980 円
2026-06-05 20:23:13,599 [INFO] No change: ECOVACS DEEBOT X1 Plus（公式ストア） は前回と同じ価格 39800 円
2026-06-05 20:23:14,106 [INFO] No change: マイプロテイン ホエイプロテイン・Impact Whey (チョコレートミント, 1000g) は前回と同じ価格 7636 円
2026-06-05 20:23:59,153 [INFO] No change: ザバス Shape & Beauty キャラメル風味 200ml (24本入り) は前回と同じ価格 3298 円
2026-06-05 20:23:59,654 [INFO] No change: アルペン商品1（3420119704） は前回と同じ価格 5799 円
2026-06-05 20:24:00,193 [INFO] No change: アルペン商品2（3422113004） は前回と同じ価格 8499 円
2026-06-05 20:24:00,634 [INFO] No change: Optimum Nutrition Gold Standard Whey 907g（hinataansyopu） は前回と同じ価格 5283 円
2026-06-05 20:24:01,173 [INFO] No change: Natural Mode ホエイプロテイン（cheriebrin） は前回と同じ価格 4980 円
2026-06-05 20:24:01,736 [INFO] No change: ECOVACS DEEBOT X1 Plus（公式ストア） は前回と同じ価格 39800 円
2026-06-05 20:24:02,174 [INFO] No change: マイプロテイン ホエイプロテイン・Impact Whey (チョコレートミント, 1000g) は前回と同じ価格 7636 円
2026-06-05 20:38:38,320 [INFO] No change: ザバス Shape & Beauty キャラメル風味 200ml (24本入り) は前回と同じ価格 3298 円
2026-06-05 20:38:39,019 [INFO] No change: アルペン商品1（3420119704） は前回と同じ価格 5799 円
2026-06-05 20:38:40,315 [INFO] No change: アルペン商品2（3422113004） は前回と同じ価格 8499 円
2026-06-05 20:38:40,781 [INFO] No change: Optimum Nutrition Gold Standard Whey 907g（hinataansyopu） は前回と同じ価格 5283 円
2026-06-05 20:38:41,455 [INFO] No change: Natural Mode ホエイプロテイン（cheriebrin） は前回と同じ価格 4980 円
2026-06-05 20:38:41,940 [INFO] No change: ECOVACS DEEBOT X1 Plus（公式ストア） は前回と同じ価格 39800 円
2026-06-05 20:38:42,412 [INFO] No change: マイプロテイン ホエイプロテイン・Impact Whey (チョコレートミント, 1000g) は前回と同じ価格 7636 円
2026-06-05 20:39:44,313 [INFO] No change: ザバス Shape & Beauty キャラメル風味 200ml (24本入り) は前回と同じ価格 3298 円
2026-06-05 20:39:44,952 [INFO] No change: アルペン商品1（3420119704） は前回と同じ価格 5799 円
2026-06-05 20:39:45,468 [INFO] No change: アルペン商品2（3422113004） は前回と同じ価格 8499 円
2026-06-05 20:39:46,100 [INFO] No change: Optimum Nutrition Gold Standard Whey 907g（hinataansyopu） は前回と同じ価格 5283 円
2026-06-05 20:39:46,584 [INFO] No change: Natural Mode ホエイプロテイン（cheriebrin） は前回と同じ価格 4980 円
2026-06-05 20:39:47,075 [INFO] No change: ECOVACS DEEBOT X1 Plus（公式ストア） は前回と同じ価格 39800 円
2026-06-05 20:39:47,516 [INFO] No change: マイプロテイン ホエイプロテイン・Impact Whey (チョコレートミント, 1000g) は前回と同じ価格 7636 円
2026-06-05 20:40:42,436 [INFO] No change: ザバス Shape & Beauty キャラメル風味 200ml (24本入り) は前回と同じ価格 3298 円
2026-06-05 20:40:42,971 [INFO] No change: アルペン商品1（3420119704） は前回と同じ価格 5799 円
2026-06-05 20:40:43,563 [INFO] No change: アルペン商品2（3422113004） は前回と同じ価格 8499 円
2026-06-05 20:40:44,041 [INFO] No change: Optimum Nutrition Gold Standard Whey 907g（hinataansyopu） は前回と同じ価格 5283 円
2026-06-05 20:40:44,597 [INFO] No change: Natural Mode ホエイプロテイン（cheriebrin） は前回と同じ価格 4980 円
2026-06-05 20:40:45,090 [INFO] No change: ECOVACS DEEBOT X1 Plus（公式ストア） は前回と同じ価格 39800 円
2026-06-05 20:40:45,518 [INFO] No change: マイプロテイン ホエイプロテイン・Impact Whey (チョコレートミント, 1000g) は前回と同じ価格 7636 円
2026-06-05 20:49:19,630 [INFO] No change: ザバス Shape & Beauty キャラメル風味 200ml (24本入り) は前回と同じ価格 3298 円
2026-06-05 20:49:20,190 [INFO] No change: アルペン商品1（3420119704） は前回と同じ価格 5799 円
2026-06-05 20:49:20,730 [INFO] No change: アルペン商品2（3422113004） は前回と同じ価格 8499 円
2026-06-05 20:49:21,176 [INFO] No change: Optimum Nutrition Gold Standard Whey 907g（hinataansyopu） は前回と同じ価格 5283 円
2026-06-05 20:49:21,711 [INFO] No change: Natural Mode ホエイプロテイン（cheriebrin） は前回と同じ価格 4980 円
2026-06-05 20:49:22,253 [INFO] No change: ECOVACS DEEBOT X1 Plus（公式ストア） は前回と同じ価格 39800 円
2026-06-05 20:49:22,665 [INFO] No change: マイプロテイン ホエイプロテイン・Impact Whey (チョコレートミント, 1000g) は前回と同じ価格 7636 円
2026-06-05 21:07:50,742 [INFO] No change: ザバス Shape & Beauty キャラメル風味 200ml (24本入り) は前回と同じ価格 3298 円
2026-06-05 21:07:51,260 [INFO] No change: アルペン商品1（3420119704） は前回と同じ価格 5799 円
2026-06-05 21:07:52,012 [INFO] No change: アルペン商品2（3422113004） は前回と同じ価格 8499 円
2026-06-05 21:07:52,613 [INFO] No change: Optimum Nutrition Gold Standard Whey 907g（hinataansyopu） は前回と同じ価格 5283 円
2026-06-05 21:07:53,138 [INFO] No change: Natural Mode ホエイプロテイン（cheriebrin） は前回と同じ価格 4980 円
2026-06-05 21:07:53,598 [INFO] No change: ECOVACS DEEBOT X1 Plus（公式ストア） は前回と同じ価格 39800 円
2026-06-05 21:07:54,017 [INFO] No change: マイプロテイン ホエイプロテイン・Impact Whey (チョコレートミント, 1000g) は前回と同じ価格 7636 円
2026-06-05 21:08:11,506 [INFO] No change: ザバス Shape & Beauty キャラメル風味 200ml (24本入り) は前回と同じ価格 3298 円
2026-06-05 21:08:12,002 [INFO] No change: アルペン商品1（3420119704） は前回と同じ価格 5799 円
2026-06-05 21:08:12,887 [INFO] No change: アルペン商品2（3422113004） は前回と同じ価格 8499 円
2026-06-05 21:08:13,399 [INFO] No change: Optimum Nutrition Gold Standard Whey 907g（hinataansyopu） は前回と同じ価格 5283 円
2026-06-05 21:08:13,950 [INFO] No change: Natural Mode ホエイプロテイン（cheriebrin） は前回と同じ価格 4980 円
2026-06-05 21:08:14,943 [INFO] No change: ECOVACS DEEBOT X1 Plus（公式ストア） は前回と同じ価格 39800 円
2026-06-05 21:08:15,367 [INFO] No change: マイプロテイン ホエイプロテイン・Impact Whey (チョコレートミント, 1000g) は前回と同じ価格 7636 円
2026-06-05 21:12:21,988 [INFO] No change: ザバス Shape & Beauty キャラメル風味 200ml (24本入り) は前回と同じ価格 3298 円
2026-06-05 21:12:22,533 [INFO] No change: アルペン商品1（3420119704） は前回と同じ価格 5799 円
2026-06-05 21:12:23,312 [INFO] No change: アルペン商品2（3422113004） は前回と同じ価格 8499 円
2026-06-05 21:12:23,745 [INFO] No change: Optimum Nutrition Gold Standard Whey 907g（hinataansyopu） は前回と同じ価格 5283 円
2026-06-05 21:12:24,232 [INFO] No change: Natural Mode ホエイプロテイン（cheriebrin） は前回と同じ価格 4980 円
2026-06-05 21:12:24,765 [INFO] No change: ECOVACS DEEBOT X1 Plus（公式ストア） は前回と同じ価格 39800 円
2026-06-05 21:12:25,176 [INFO] No change: マイプロテイン ホエイプロテイン・Impact Whey (チョコレートミント, 1000g) は前回と同じ価格 7636 円
2026-06-05 21:43:15,123 [INFO] No change: ザバス Shape & Beauty キャラメル風味 200ml (24本入り) は前回と同じ価格 3298 円
2026-06-05 21:43:16,015 [INFO] No change: アルペン商品1（3420119704） は前回と同じ価格 5799 円
2026-06-05 21:43:16,568 [INFO] No change: アルペン商品2（3422113004） は前回と同じ価格 8499 円
2026-06-05 21:43:17,097 [INFO] No change: Optimum Nutrition Gold Standard Whey 907g（hinataansyopu） は前回と同じ価格 5283 円
2026-06-05 21:43:17,689 [INFO] No change: Natural Mode ホエイプロテイン（cheriebrin） は前回と同じ価格 4980 円
2026-06-05 21:43:18,193 [INFO] No change: ECOVACS DEEBOT X1 Plus（公式ストア） は前回と同じ価格 39800 円
2026-06-05 21:43:18,831 [INFO] No change: マイプロテイン ホエイプロテイン・Impact Whey (チョコレートミント, 1000g) は前回と同じ価格 7636 円
